
> @liquid-ui/demo@0.1.0 build
> next build

   ▲ Next.js 15.5.3
   - Experiments (use with caution):
     ✓ externalDir

   Creating an optimized production build ...
 ✓ Compiled successfully in 834ms
   Skipping validation of types
   Skipping linting
   Collecting page data ...
   Generating static pages (0/5) ...
   Generating static pages (1/5) 
   Generating static pages (2/5) 
   Generating static pages (3/5) 
 ✓ Generating static pages (5/5)
   Finalizing page optimization ...
   Collecting build traces ...

Route (app)                                 Size  First Load JS
┌ ○ /                                    2.45 kB         104 kB
└ ○ /_not-found                            992 B         103 kB
+ First Load JS shared by all             102 kB
  ├ chunks/18-53ad9f46aa220114.js        45.8 kB
  ├ chunks/87c73c54-0375ba195de27293.js  54.2 kB
  └ other shared chunks (total)          1.83 kB


○  (Static)  prerendered as static content

